<?xml version="1.0" encoding="UTF-8"?>
<!-- Generated by org.testng.reporters.JUnitXMLReporter -->
<testsuite ignored="1" hostname="DESKTOP-IOAN3SI" failures="0" tests="2" name="GRP-regression" time="0.038" errors="0" timestamp="2023-09-06T11:42:47 IST">
  <testcase classname="testng.TestGroup" name="logout1" time="0.008"/>
  <testcase classname="testng.TestGroup" name="Login" time="0.001"/>
  <testcase classname="testng.TestGroup" name="logout" time="0.0">
    <ignored/>
  </testcase> <!-- logout -->
</testsuite> <!-- GRP-regression -->
