<?xml version="1.0" encoding="UTF-8"?>
<!-- Generated by org.testng.reporters.JUnitXMLReporter -->
<testsuite ignored="0" hostname="DESKTOP-IOAN3SI" failures="0" tests="4" name="GRP-smoke" time="0.047" errors="0" timestamp="2023-09-06T11:45:23 IST">
  <testcase classname="testng.TestGroup" name="logout" time="0.009"/>
  <testcase classname="testng.TestGroup" name="logout1" time="0.001"/>
  <testcase classname="testng.TestGroup" name="Login" time="0.001"/>
  <testcase classname="testng.TestGroup" name="loginToApplication" time="0.001"/>
</testsuite> <!-- GRP-smoke -->
