<?xml version="1.0" encoding="UTF-8"?>
<!-- Generated by org.testng.reporters.JUnitXMLReporter -->
<testsuite ignored="0" hostname="DESKTOP-IOAN3SI" failures="1" tests="2" name="LoginTest" time="0.043" errors="0" timestamp="2023-09-10T00:08:19 IST">
  <testcase classname="testng.Login" name="logout" time="0.01">
    <failure type="java.lang.AssertionError" message="expected [true] but found [false]">
      <![CDATA[java.lang.AssertionError: expected [true] but found [false]
at testng.Login.logout(Login.java:40)
at java.base/java.util.ArrayList.forEach(ArrayList.java:1511)
... Removed 29 stack frames]]>
    </failure>
  </testcase> <!-- logout -->
  <testcase classname="testng.Login" name="Login" time="0.001"/>
</testsuite> <!-- LoginTest -->
