<?xml version="1.0" encoding="UTF-8"?>
<!-- Generated by org.testng.reporters.JUnitXMLReporter -->
<testsuite ignored="0" hostname="Amna" failures="1" tests="7" name="Functional" time="8.314" errors="0" timestamp="2023-10-10T10:35:03 IST">
  <testcase classname="testng.Login" name="logout" time="0.011">
    <failure type="java.lang.AssertionError" message="expected [true] but found [false]">
      <![CDATA[java.lang.AssertionError: expected [true] but found [false]
at testng.Login.logout(Login.java:40)
at java.base/java.util.ArrayList.forEach(ArrayList.java:1511)
... Removed 29 stack frames]]>
    </failure>
  </testcase> <!-- logout -->
  <testcase classname="testng.Login" name="Login" time="0.001"/>
  <testcase classname="testng.TestSuitCommand" name="AsssertUse" time="8.255"/>
  <testcase classname="testng.TestGroup" name="logout" time="0.001"/>
  <testcase classname="testng.TestGroup" name="logout1" time="0.0"/>
  <testcase classname="testng.TestGroup" name="Login" time="0.0"/>
  <testcase classname="testng.TestGroup" name="loginToApplication" time="0.001"/>
</testsuite> <!-- Functional -->
