<?xml version="1.0" encoding="UTF-8"?>
<!-- Generated by org.testng.reporters.JUnitXMLReporter -->
<testsuite ignored="0" hostname="Amna" failures="1" tests="1" name="reading browser" time="0.037" errors="0" timestamp="2023-10-09T02:40:54 IST">
  <testcase classname="testng.DatadrivenLive" name="datadriven" time="0.014">
    <failure type="org.testng.internal.reflect.MethodMatcherException" message="
[public void testng.DatadrivenLive.datadriven(java.lang.String,java.lang.String,java.lang.String)] has no parameters defined but was found to be using a data provider (either explicitly specified or inherited from class level annotation).
Data provider mismatch
Method: datadriven([java.lang.String arg0, java.lang.String arg1, java.lang.String arg2])
Arguments: [(java.lang.String) standard_user,(java.lang.String) secret_sauce]">
      <![CDATA[org.testng.internal.reflect.MethodMatcherException: 
[public void testng.DatadrivenLive.datadriven(java.lang.String,java.lang.String,java.lang.String)] has no parameters defined but was found to be using a data provider (either explicitly specified or inherited from class level annotation).
Data provider mismatch
Method: datadriven([java.lang.String arg0, java.lang.String arg1, java.lang.String arg2])
Arguments: [(java.lang.String) standard_user,(java.lang.String) secret_sauce]
at java.base/java.util.ArrayList.forEach(ArrayList.java:1511)
... Removed 22 stack frames]]>
    </failure>
  </testcase> <!-- datadriven -->
</testsuite> <!-- reading browser -->
