<?xml version="1.0" encoding="UTF-8"?>
<!-- Generated by org.testng.reporters.JUnitXMLReporter -->
<testsuite ignored="0" hostname="DESKTOP-IOAN3SI" failures="0" tests="4" name="Report Test" time="0.043" errors="0" timestamp="2023-09-13T07:57:20 IST">
  <testcase classname="testng.Reporttests" name="reportTes1" time="0.008"/>
  <testcase classname="testng.Reporttests" name="reportTest2" time="0.001"/>
  <testcase classname="testng.Reporttests" name="reportTest3" time="0.001"/>
  <testcase classname="testng.Reporttests" name="reportTest4" time="0.001"/>
</testsuite> <!-- Report Test -->
