<?xml version="1.0" encoding="UTF-8"?>
<!-- Generated by org.testng.reporters.JUnitXMLReporter -->
<testsuite ignored="0" hostname="DESKTOP-IOAN3SI" failures="0" tests="4" name="Test" time="0.043" errors="0" timestamp="2023-09-13T07:28:57 IST">
  <testcase classname="testng.Reporttests" name="reportTes1" time="0.007"/>
  <testcase classname="testng.Reporttests" name="reportTest2" time="0.002"/>
  <testcase classname="testng.Reporttests" name="reportTest3" time="0.001"/>
  <testcase classname="testng.Reporttests" name="reportTest4" time="0.001"/>
</testsuite> <!-- Test -->
