<?xml version="1.0" encoding="UTF-8"?>
<!-- Generated by org.testng.reporters.JUnitXMLReporter -->
<testsuite ignored="0" hostname="DESKTOP-IOAN3SI" failures="0" tests="5" name="Test" time="8.111" errors="0" timestamp="2023-09-06T12:53:36 IST">
  <testcase classname="testng.TestSuitCommand" name="AsssertUse" time="8.072"/>
  <testcase classname="testng.TestGroup" name="logout" time="0.001"/>
  <testcase classname="testng.TestGroup" name="logout1" time="0.0"/>
  <testcase classname="testng.TestGroup" name="Login" time="0.001"/>
  <testcase classname="testng.TestGroup" name="loginToApplication" time="0.0"/>
</testsuite> <!-- Test -->
